[    0.000000] Initializing cgroup subsys cpuset
[    0.000000] Initializing cgroup subsys cpu
[    0.000000] Initializing cgroup subsys cpuacct
[    0.000000] Linux version 4.4.0-190-generic (buildd@lcy01-amd64-026) (gcc version 5.4.0 20160609 (Ubuntu 5.4.0-6ubuntu1~16.04.12) ) #220-Ubuntu SMP Fri Aug 28 23:02:15 UTC 2020 (Ubuntu 4.4.0-190.220-generic 4.4.233)
[    0.000000] Command line: BOOT_IMAGE=/boot/vmlinuz-4.4.0-190-generic root=LABEL=cloudimg-rootfs ro console=tty1 console=ttyS0
[    0.000000] KERNEL supported cpus:
[    0.000000]   Intel GenuineIntel
[    0.000000]   AMD AuthenticAMD
[    0.000000]   Centaur CentaurHauls
[    0.000000] [Firmware Bug]: TSC doesn't count with P0 frequency!
[    0.000000] x86/fpu: xstate_offset[2]:  576, xstate_sizes[2]:  256
[    0.000000] x86/fpu: Supporting XSAVE feature 0x01: 'x87 floating point registers'
[    0.000000] x86/fpu: Supporting XSAVE feature 0x02: 'SSE registers'
[    0.000000] x86/fpu: Supporting XSAVE feature 0x04: 'AVX registers'
[    0.000000] x86/fpu: Enabled xstate features 0x7, context size is 832 bytes, using 'standard' format.
[    0.000000] e820: BIOS-provided physical RAM map:
[    0.000000] BIOS-e820: [mem 0x0000000000000000-0x000000000009fbff] usable
[    0.000000] BIOS-e820: [mem 0x000000000009fc00-0x000000000009ffff] reserved
[    0.000000] BIOS-e820: [mem 0x00000000000f0000-0x00000000000fffff] reserved
[    0.000000] BIOS-e820: [mem 0x0000000000100000-0x000000007ffeffff] usable
[    0.000000] BIOS-e820: [mem 0x000000007fff0000-0x000000007fffffff] ACPI data
[    0.000000] BIOS-e820: [mem 0x00000000fec00000-0x00000000fec00fff] reserved
[    0.000000] BIOS-e820: [mem 0x00000000fee00000-0x00000000fee00fff] reserved
[    0.000000] BIOS-e820: [mem 0x00000000fffc0000-0x00000000ffffffff] reserved
[    0.000000] NX (Execute Disable) protection: active
[    0.000000] SMBIOS 2.5 present.
[    0.000000] Hypervisor detected: KVM
[    0.000000] Kernel/User page tables isolation: disabled
[    0.000000] e820: last_pfn = 0x7fff0 max_arch_pfn = 0x400000000
[    0.000000] MTRR: Disabled
[    0.000000] x86/PAT: MTRRs disabled, skipping PAT initialization too.
[    0.000000] CPU MTRRs all blank - virtualized system.
[    0.000000] x86/PAT: Configuration [0-7]: WB  WT  UC- UC  WB  WT  UC- UC  
[    0.000000] found SMP MP-table at [mem 0x0009fff0-0x0009ffff] mapped at [ffff88000009fff0]
[    0.000000] Scanning 1 areas for low memory corruption
[    0.000000] RAMDISK: [mem 0x362de000-0x37166fff]
[    0.000000] ACPI: Early table checksum verification disabled
[    0.000000] ACPI: RSDP 0x00000000000E0000 000024 (v02 VBOX  )
[    0.000000] ACPI: XSDT 0x000000007FFF0030 00003C (v01 VBOX   VBOXXSDT 00000001 ASL  00000061)
[    0.000000] ACPI: FACP 0x000000007FFF00F0 0000F4 (v04 VBOX   VBOXFACP 00000001 ASL  00000061)
[    0.000000] ACPI: DSDT 0x000000007FFF0470 002325 (v02 VBOX   VBOXBIOS 00000002 INTL 20190509)
[    0.000000] ACPI: FACS 0x000000007FFF0200 000040
[    0.000000] ACPI: FACS 0x000000007FFF0200 000040
[    0.000000] ACPI: APIC 0x000000007FFF0240 00005C (v02 VBOX   VBOXAPIC 00000001 ASL  00000061)
[    0.000000] ACPI: SSDT 0x000000007FFF02A0 0001CC (v01 VBOX   VBOXCPUT 00000002 INTL 20190509)
[    0.000000] No NUMA configuration found
[    0.000000] Faking a node at [mem 0x0000000000000000-0x000000007ffeffff]
[    0.000000] NODE_DATA(0) allocated [mem 0x7ffeb000-0x7ffeffff]
[    0.000000] kvm-clock: Using msrs 4b564d01 and 4b564d00
[    0.000000] kvm-clock: cpu 0, msr 0:7ffe3001, primary cpu clock
[    0.000000] kvm-clock: using sched offset of 3061223852 cycles
[    0.000000] clocksource: kvm-clock: mask: 0xffffffffffffffff max_cycles: 0x1cd42e4dffb, max_idle_ns: 881590591483 ns
[    0.000000] Zone ranges:
[    0.000000]   DMA      [mem 0x0000000000001000-0x0000000000ffffff]
[    0.000000]   DMA32    [mem 0x0000000001000000-0x000000007ffeffff]
[    0.000000]   Normal   empty
[    0.000000]   Device   empty
[    0.000000] Movable zone start for each node
[    0.000000] Early memory node ranges
[    0.000000]   node   0: [mem 0x0000000000001000-0x000000000009efff]
[    0.000000]   node   0: [mem 0x0000000000100000-0x000000007ffeffff]
[    0.000000] Initmem setup node 0 [mem 0x0000000000001000-0x000000007ffeffff]
[    0.000000] ACPI: PM-Timer IO Port: 0x4008
[    0.000000] IOAPIC[0]: apic_id 2, version 32, address 0xfec00000, GSI 0-23
[    0.000000] ACPI: INT_SRC_OVR (bus 0 bus_irq 0 global_irq 2 dfl dfl)
[    0.000000] ACPI: INT_SRC_OVR (bus 0 bus_irq 9 global_irq 9 low level)
[    0.000000] Using ACPI (MADT) for SMP configuration information
[    0.000000] smpboot: Allowing 2 CPUs, 0 hotplug CPUs
[    0.000000] PM: Registered nosave memory: [mem 0x00000000-0x00000fff]
[    0.000000] PM: Registered nosave memory: [mem 0x0009f000-0x0009ffff]
[    0.000000] PM: Registered nosave memory: [mem 0x000a0000-0x000effff]
[    0.000000] PM: Registered nosave memory: [mem 0x000f0000-0x000fffff]
[    0.000000] e820: [mem 0x80000000-0xfebfffff] available for PCI devices
[    0.000000] Booting paravirtualized kernel on KVM
[    0.000000] clocksource: refined-jiffies: mask: 0xffffffff max_cycles: 0xffffffff, max_idle_ns: 7645519600211568 ns
[    0.000000] setup_percpu: NR_CPUS:512 nr_cpumask_bits:512 nr_cpu_ids:2 nr_node_ids:1
[    0.000000] PERCPU: Embedded 33 pages/cpu @ffff88007fc00000 s95512 r8192 d31464 u1048576
[    0.000000] Built 1 zonelists in Node order, mobility grouping on.  Total pages: 515960
[    0.000000] Policy zone: DMA32
[    0.000000] Kernel command line: BOOT_IMAGE=/boot/vmlinuz-4.4.0-190-generic root=LABEL=cloudimg-rootfs ro console=tty1 console=ttyS0
[    0.000000] PID hash table entries: 4096 (order: 3, 32768 bytes)
[    0.000000] Memory: 2029852K/2096696K available (8636K kernel code, 1337K rwdata, 4040K rodata, 1492K init, 1296K bss, 66844K reserved, 0K cma-reserved)
[    0.000000] SLUB: HWalign=64, Order=0-3, MinObjects=0, CPUs=2, Nodes=1
[    0.000000] Hierarchical RCU implementation.
[    0.000000] 	Build-time adjustment of leaf fanout to 64.
[    0.000000] 	RCU restricting CPUs from NR_CPUS=512 to nr_cpu_ids=2.
[    0.000000] RCU: Adjusting geometry for rcu_fanout_leaf=64, nr_cpu_ids=2
[    0.000000] NR_IRQS:33024 nr_irqs:440 16
[    0.000000] Console: colour VGA+ 80x25
[    0.000000] console [tty1] enabled
[    0.000000] console [ttyS0] enabled
[    0.000000] tsc: Detected 1996.249 MHz processor
[    0.098844] Calibrating delay loop (skipped) preset value.. 3992.49 BogoMIPS (lpj=7984996)
[    0.099891] pid_max: default: 32768 minimum: 301
[    0.100450] ACPI: Core revision 20150930
[    0.101585] ACPI: 2 ACPI AML tables successfully acquired and loaded
[    0.102392] Security Framework initialized
[    0.102874] Yama: becoming mindful.
[    0.103327] AppArmor: AppArmor initialized
[    0.104604] Dentry cache hash table entries: 262144 (order: 9, 2097152 bytes)
[    0.105640] Inode-cache hash table entries: 131072 (order: 8, 1048576 bytes)
[    0.106535] Mount-cache hash table entries: 4096 (order: 3, 32768 bytes)
[    0.107208] Mountpoint-cache hash table entries: 4096 (order: 3, 32768 bytes)
[    0.109057] Initializing cgroup subsys io
[    0.109590] Initializing cgroup subsys memory
[    0.110125] Initializing cgroup subsys devices
[    0.110651] Initializing cgroup subsys freezer
[    0.111171] Initializing cgroup subsys net_cls
[    0.111800] Initializing cgroup subsys perf_event
[    0.112365] Initializing cgroup subsys net_prio
[    0.112923] Initializing cgroup subsys hugetlb
[    0.113438] Initializing cgroup subsys pids
[    0.121873] mce: CPU supports 0 MCE banks
[    0.122514] Last level iTLB entries: 4KB 1024, 2MB 1024, 4MB 512
[    0.123145] Last level dTLB entries: 4KB 2048, 2MB 2048, 4MB 1024, 1GB 0
[    0.123860] Spectre V1 : Mitigation: usercopy/swapgs barriers and __user pointer sanitization
[    0.124930] Spectre V2 : Spectre mitigation: LFENCE not serializing, switching to generic retpoline
[    0.126006] Spectre V2 : Mitigation: Full generic retpoline
[    0.126665] Spectre V2 : Spectre v2 / SpectreRSB mitigation: Filling RSB on context switch
[    0.127586] Speculative Store Bypass: Mitigation: Speculative Store Bypass disabled via prctl and seccomp
[    0.130090] Freeing SMP alternatives memory: 36K
[    0.134422] ftrace: allocating 32339 entries in 127 pages
[    0.173438] smpboot: APIC(0) Converting physical 0 to logical package 0
[    0.174239] smpboot: Max logical packages: 1
[    0.174858] x2apic enabled
[    0.175281] Switched APIC routing to physical x2apic.
[    0.176473] ..TIMER: vector=0x30 apic1=0 pin1=2 apic2=-1 pin2=-1
[    0.285097] smpboot: CPU0: AMD Ryzen 7 4700U with Radeon Graphics (family: 0x17, model: 0x60, stepping: 0x1)
[    0.286414] Performance Events: Broken PMU hardware detected, using software events only.
[    0.287445] Failed to access perfctr msr (MSR c0010007 is 0)
[    0.292338] KVM setup paravirtual spinlock
[    0.293764] x86: Booting SMP configuration:
[    0.294364] .... node  #0, CPUs:      #1
[    0.295030] kvm-clock: cpu 1, msr 0:7ffe3041, secondary cpu clock
[    0.303777] mce: CPU supports 0 MCE banks
[    0.306108] TSC synchronization [CPU#0 -> CPU#1]:
[    0.306833] Measured 20 cycles TSC warp between CPUs, turning off TSC clock.
[    0.307610] tsc: Marking TSC unstable due to check_tsc_sync_source failed
[    0.308464] x86: Booted up 1 node, 2 CPUs
[    0.308981] smpboot: Total of 2 processors activated (7984.99 BogoMIPS)
[    0.188236] devtmpfs: initialized
[    0.190062] evm: security.selinux
[    0.190563] evm: security.SMACK64
[    0.191026] evm: security.SMACK64EXEC
[    0.192020] evm: security.SMACK64TRANSMUTE
[    0.192657] evm: security.SMACK64MMAP
[    0.193166] evm: security.ima
[    0.193554] evm: security.capability
[    0.194073] clocksource: jiffies: mask: 0xffffffff max_cycles: 0xffffffff, max_idle_ns: 7645041785100000 ns
[    0.196018] futex hash table entries: 512 (order: 3, 32768 bytes)
[    0.196795] pinctrl core: initialized pinctrl subsystem
[    0.197516] RTC time: 18:39:22, date: 10/15/20
[    0.198497] NET: Registered protocol family 16
[    0.212033] cpuidle: using governor ladder
[    0.224037] cpuidle: using governor menu
[    0.225033] PCCT header not found.
[    0.226261] ACPI: bus type PCI registered
[    0.228014] acpiphp: ACPI Hot Plug PCI Controller Driver version: 0.5
[    0.229543] PCI: Using configuration type 1 for base access
[    0.230801] PCI: Using configuration type 1 for extended access
[    0.245074] ACPI: Added _OSI(Module Device)
[    0.245074] ACPI: Added _OSI(Processor Device)
[    0.248016] ACPI: Added _OSI(3.0 _SCP Extensions)
[    0.248937] ACPI: Added _OSI(Processor Aggregator Device)
[    0.250592] ACPI: Executed 1 blocks of module-level executable AML code
[    0.253284] ACPI: Interpreter enabled
[    0.253797] ACPI: (supports S0 S5)
[    0.254228] ACPI: Using IOAPIC for interrupt routing
[    0.254958] PCI: Using host bridge windows from ACPI; if necessary, use "pci=nocrs" and report a bug
[    0.257748] ACPI: PCI Root Bridge [PCI0] (domain 0000 [bus 00-ff])
[    0.258586] acpi PNP0A03:00: _OSC: OS supports [ExtendedConfig ASPM ClockPM Segments MSI]
[    0.260050] acpi PNP0A03:00: _OSC: platform does not support [PCIeCapability]
[    0.261099] acpi PNP0A03:00: _OSC: not requesting control; platform does not support [PCIeCapability]
[    0.262306] acpi PNP0A03:00: _OSC: OS requested [PCIeHotplug PME AER PCIeCapability]
[    0.263405] acpi PNP0A03:00: _OSC: platform willing to grant [PCIeHotplug PME AER]
[    0.264006] acpi PNP0A03:00: _OSC failed (AE_SUPPORT); disabling ASPM
[    0.265048] PCI host bridge to bus 0000:00
[    0.265600] pci_bus 0000:00: root bus resource [io  0x0000-0x0cf7 window]
[    0.268006] pci_bus 0000:00: root bus resource [io  0x0d00-0xffff window]
[    0.268841] pci_bus 0000:00: root bus resource [mem 0x000a0000-0x000bffff window]
[    0.269837] pci_bus 0000:00: root bus resource [mem 0x80000000-0xfdffffff window]
[    0.270858] pci_bus 0000:00: root bus resource [bus 00-ff]
[    0.272630] pci 0000:00:01.1: legacy IDE quirk: reg 0x10: [io  0x01f0-0x01f7]
[    0.273498] pci 0000:00:01.1: legacy IDE quirk: reg 0x14: [io  0x03f6]
[    0.274304] pci 0000:00:01.1: legacy IDE quirk: reg 0x18: [io  0x0170-0x0177]
[    0.275178] pci 0000:00:01.1: legacy IDE quirk: reg 0x1c: [io  0x0376]
[    0.301811] pci 0000:00:07.0: quirk: [io  0x4000-0x403f] claimed by PIIX4 ACPI
[    0.304009] pci 0000:00:07.0: quirk: [io  0x4100-0x410f] claimed by PIIX4 SMB
[    0.324029] ACPI: PCI Interrupt Link [LNKA] (IRQs 5 9 10 *11)
[    0.326625] ACPI: PCI Interrupt Link [LNKB] (IRQs 5 9 *10 11)
[    0.328081] ACPI: PCI Interrupt Link [LNKC] (IRQs 5 *9 10 11)
[    0.329855] ACPI: PCI Interrupt Link [LNKD] (IRQs 5 9 10 *11)
[    0.331298] ACPI: Enabled 2 GPEs in block 00 to 07
[    0.332151] vgaarb: setting as boot device: PCI:0000:00:02.0
[    0.332832] vgaarb: device added: PCI:0000:00:02.0,decodes=io+mem,owns=io+mem,locks=none
[    0.334013] vgaarb: loaded
[    0.334491] vgaarb: bridge control possible 0000:00:02.0
[    0.335484] SCSI subsystem initialized
[    0.336072] ACPI: bus type USB registered
[    0.336720] usbcore: registered new interface driver usbfs
[    0.337585] usbcore: registered new interface driver hub
[    0.340006] usbcore: registered new device driver usb
[    0.340027] PCI: Using ACPI for IRQ routing
[    0.340863] NetLabel: Initializing
[    0.341392] NetLabel:  domain hash size = 128
[    0.342060] NetLabel:  protocols = UNLABELED CIPSOv4
[    0.343065] NetLabel:  unlabeled traffic allowed by default
[    0.344090] amd_nb: Cannot enumerate AMD northbridges
[    0.345345] clocksource: Switched to clocksource kvm-clock
[    0.352644] AppArmor: AppArmor Filesystem Enabled
[    0.353540] pnp: PnP ACPI init
[    0.354435] pnp: PnP ACPI: found 3 devices
[    0.362797] clocksource: acpi_pm: mask: 0xffffff max_cycles: 0xffffff, max_idle_ns: 2085701024 ns
[    0.364024] NET: Registered protocol family 2
[    0.364839] TCP established hash table entries: 16384 (order: 5, 131072 bytes)
[    0.365934] TCP bind hash table entries: 16384 (order: 6, 262144 bytes)
[    0.366802] TCP: Hash tables configured (established 16384 bind 16384)
[    0.367633] UDP hash table entries: 1024 (order: 3, 32768 bytes)
[    0.368411] UDP-Lite hash table entries: 1024 (order: 3, 32768 bytes)
[    0.369275] NET: Registered protocol family 1
[    0.369872] pci 0000:00:00.0: Limiting direct PCI/PCI transfers
[    0.371065] pci 0000:00:01.0: Activating ISA DMA hang workarounds
[    0.372570] Unpacking initramfs...
[    0.562258] Freeing initrd memory: 14884K
[    0.562967] clocksource: tsc: mask: 0xffffffffffffffff max_cycles: 0x398cadd9d93, max_idle_ns: 881590552906 ns
[    0.564331] platform rtc_cmos: registered platform RTC device (no PNP device found)
[    0.565464] Scanning for low memory corruption every 60 seconds
[    0.566705] audit: initializing netlink subsys (disabled)
[    0.567888] audit: type=2000 audit(1602787167.572:1): initialized
[    0.569570] Initialise system trusted keyring
[    0.570970] HugeTLB registered 2 MB page size, pre-allocated 0 pages
[    0.573564] zbud: loaded
[    0.574380] VFS: Disk quotas dquot_6.6.0
[    0.575324] VFS: Dquot-cache hash table entries: 512 (order 0, 4096 bytes)
[    0.577206] squashfs: version 4.0 (2009/01/31) Phillip Lougher
[    0.579006] fuse init (API version 7.23)
[    0.580302] Key type big_key registered
[    0.581407] Allocating IMA MOK and blacklist keyrings.
[    0.584183] Key type asymmetric registered
[    0.585200] Asymmetric key parser 'x509' registered
[    0.586383] Block layer SCSI generic (bsg) driver version 0.4 loaded (major 249)
[    0.588465] io scheduler noop registered
[    0.589584] io scheduler deadline registered (default)
[    0.590841] io scheduler cfq registered
[    0.591953] pci_hotplug: PCI Hot Plug PCI Core version: 0.5
[    0.593329] pciehp: PCI Express Hot Plug Controller Driver version: 0.4
[    0.594437] ACPI: AC Adapter [AC] (on-line)
[    0.595042] input: Power Button as /devices/LNXSYSTM:00/LNXPWRBN:00/input/input0
[    0.596057] ACPI: Power Button [PWRF]
[    0.596659] input: Sleep Button as /devices/LNXSYSTM:00/LNXSLPBN:00/input/input1
[    0.597712] ACPI: Sleep Button [SLPF]
[    0.598395] GHES: HEST is not enabled!
[    0.599033] ACPI: Battery Slot [BAT0] (battery present)
[    0.600034] Serial: 8250/16550 driver, 32 ports, IRQ sharing enabled
[    0.620273] 00:02: ttyS0 at I/O 0x3f8 (irq = 4, base_baud = 115200) is a 16550A
[    0.621908] Linux agpgart interface v0.103
[    0.625802] loop: module loaded
[    0.626657] scsi host0: ata_piix
[    0.627698] scsi host1: ata_piix
[    0.628614] ata1: PATA max UDMA/33 cmd 0x1f0 ctl 0x3f6 bmdma 0xd000 irq 14
[    0.629940] ata2: PATA max UDMA/33 cmd 0x170 ctl 0x376 bmdma 0xd008 irq 15
[    0.630903] libphy: Fixed MDIO Bus: probed
[    0.631468] tun: Universal TUN/TAP device driver, 1.6
[    0.632115] tun: (C) 1999-2004 Max Krasnyansky <maxk@qualcomm.com>
[    0.633000] PPP generic driver version 2.4.2
[    0.633661] ehci_hcd: USB 2.0 'Enhanced' Host Controller (EHCI) Driver
[    0.634458] ehci-pci: EHCI PCI platform driver
[    0.635058] ehci-platform: EHCI generic platform driver
[    0.635732] ohci_hcd: USB 1.1 'Open' Host Controller (OHCI) Driver
[    0.636476] ohci-pci: OHCI PCI platform driver
[    0.637076] ohci-platform: OHCI generic platform driver
[    0.637750] uhci_hcd: USB Universal Host Controller Interface driver
[    0.638575] i8042: PNP: PS/2 Controller [PNP0303:PS2K,PNP0f03:PS2M] at 0x60,0x64 irq 1,12
[    0.640067] serio: i8042 KBD port at 0x60,0x64 irq 1
[    0.640665] serio: i8042 AUX port at 0x60,0x64 irq 12
[    0.641510] mousedev: PS/2 mouse device common for all mice
[    0.642407] input: AT Translated Set 2 keyboard as /devices/platform/i8042/serio0/input/input2
[    0.643828] rtc_cmos rtc_cmos: rtc core: registered rtc_cmos as rtc0
[    0.644624] rtc_cmos rtc_cmos: alarms up to one day, 114 bytes nvram
[    0.645401] i2c /dev entries driver
[    0.645964] device-mapper: uevent: version 1.0.3
[    0.646661] device-mapper: ioctl: 4.34.0-ioctl (2015-10-28) initialised: dm-devel@redhat.com
[    0.647756] ledtrig-cpu: registered to indicate activity on CPUs
[    0.648855] NET: Registered protocol family 10
[    0.649748] NET: Registered protocol family 17
[    0.650860] Key type dns_resolver registered
[    0.652381] registered taskstats version 1
[    0.653440] Loading compiled-in X.509 certificates
[    0.655478] Loaded X.509 cert 'Build time autogenerated kernel key: b89e9ea735e1dbde81c7786f041ecf1d53e71c2e'
[    0.657251] zswap: loaded using pool lzo/zbud
[    0.659836] Key type trusted registered
[    0.663804] Key type encrypted registered
[    0.664826] AppArmor: AppArmor sha1 policy hashing enabled
[    0.666046] ima: No TPM chip found, activating TPM-bypass!
[    0.667281] ima: Allocated hash algorithm: sha1
[    0.668397] evm: HMAC attrs: 0x1
[    0.669351]   Magic number: 8:195:696
[    0.669957] rtc_cmos rtc_cmos: setting system clock to 2020-10-15 18:39:22 UTC (1602787162)
[    0.671172] BIOS EDD facility v0.16 2004-Jun-25, 0 devices found
[    0.671906] EDD information not available.
[    0.810382] Freeing unused kernel memory: 1492K
[    0.811506] Write protecting the kernel read-only data: 14336k
[    0.813587] Freeing unused kernel memory: 1592K
[    0.814848] Freeing unused kernel memory: 56K
Loading, please wait...
starting version 229
[    0.842733] random: systemd-udevd: uninitialized urandom read (16 bytes read, 1 bits of entropy available)
[    0.843790] random: udevadm: uninitialized urandom read (16 bytes read, 1 bits of entropy available)
[    0.843824] random: udevadm: uninitialized urandom read (16 bytes read, 1 bits of entropy available)
[    0.849302] random: systemd-udevd: uninitialized urandom read (16 bytes read, 1 bits of entropy available)
[    0.851219] random: systemd-udevd: uninitialized urandom read (16 bytes read, 1 bits of entropy available)
[    0.852985] random: udevadm: uninitialized urandom read (16 bytes read, 1 bits of entropy available)
[    0.853032] random: udevadm: uninitialized urandom read (16 bytes read, 1 bits of entropy available)
[    0.853131] random: udevadm: uninitialized urandom read (16 bytes read, 1 bits of entropy available)
[    0.853176] random: udevadm: uninitialized urandom read (16 bytes read, 1 bits of entropy available)
[    0.853219] random: udevadm: uninitialized urandom read (16 bytes read, 1 bits of entropy available)
[    0.885315] e1000: Intel(R) PRO/1000 Network Driver - version 7.3.21-k8-NAPI
[    0.886006] e1000: Copyright (c) 1999-2006 Intel Corporation.
[    0.890418] Fusion MPT base driver 3.04.20
[    0.891181] Copyright (c) 1999-2008 LSI Corporation
[    0.902645] Fusion MPT SPI Host driver 3.04.20
[    0.904850] AVX2 version of gcm_enc/dec engaged.
[    0.905489] AES CTR mode by8 optimization enabled
[    1.104853] input: ImExPS/2 Generic Explorer Mouse as /devices/platform/i8042/serio1/input/input4
[    1.204377] e1000 0000:00:03.0 eth0: (PCI:33MHz:32-bit) 02:b3:05:6c:a8:f5
[    1.205558] e1000 0000:00:03.0 eth0: Intel(R) PRO/1000 Network Connection
[    1.207008] mptbase: ioc0: Initiating bringup
[    1.908926] ioc0: LSI53C1030 A0: Capabilities={Initiator}
[    4.204514] scsi host2: ioc0: LSI53C1030 A0, FwRev=00000000h, Ports=1, MaxQ=256, IRQ=20
[    5.808849] scsi 2:0:0:0: Direct-Access     VBOX     HARDDISK         1.0  PQ: 0 ANSI: 5
[    5.811071] scsi target2:0:0: Beginning Domain Validation
[    5.813978] scsi target2:0:0: Domain Validation skipping write tests
[    5.815514] scsi target2:0:0: Ending Domain Validation
[    5.816950] scsi target2:0:0: asynchronous
[    5.818474] scsi 2:0:1:0: Direct-Access     VBOX     HARDDISK         1.0  PQ: 0 ANSI: 5
[    5.819553] scsi target2:0:1: Beginning Domain Validation
[    5.821739] scsi target2:0:1: Domain Validation skipping write tests
[    5.822531] scsi target2:0:1: Ending Domain Validation
[    5.823382] scsi target2:0:1: asynchronous
[    5.830701] sd 2:0:0:0: Attached scsi generic sg0 type 0
[    5.832281] sd 2:0:0:0: [sda] 20971520 512-byte logical blocks: (10.7 GB/10.0 GiB)
[    5.832452] sd 2:0:1:0: Attached scsi generic sg1 type 0
[    5.832592] sd 2:0:1:0: [sdb] 20480 512-byte logical blocks: (10.5 MB/10.0 MiB)
[    5.832730] sd 2:0:1:0: [sdb] Write Protect is off
[    5.832831] sd 2:0:1:0: [sdb] Incomplete mode parameter data
[    5.832833] sd 2:0:1:0: [sdb] Assuming drive cache: write through
[    5.834989] sd 2:0:1:0: [sdb] Attached SCSI disk
[    5.842333] sd 2:0:0:0: [sda] Write Protect is off
[    5.843017] sd 2:0:0:0: [sda] Incomplete mode parameter data
[    5.843854] sd 2:0:0:0: [sda] Assuming drive cache: write through
[    5.846043]  sda: sda1
[    5.849600] sd 2:0:0:0: [sda] Attached SCSI disk
[    6.150925] e1000 0000:00:08.0 eth1: (PCI:33MHz:32-bit) 08:00:27:05:de:18
[    6.152775] e1000 0000:00:08.0 eth1: Intel(R) PRO/1000 Network Connection
[    6.156045] e1000 0000:00:03.0 enp0s3: renamed from eth0
[    6.168606] e1000 0000:00:08.0 enp0s8: renamed from eth1
Begin: Loading essential drivers ... [    7.420146] md: linear personality registered for level -1
[    7.424472] md: multipath personality registered for level -4
[    7.426866] md: raid0 personality registered for level 0
[    7.432003] md: raid1 personality registered for level 1
[    7.504108] raid6: sse2x1   gen()  7983 MB/s
[    7.572086] raid6: sse2x1   xor()  8181 MB/s
[    7.640157] raid6: sse2x2   gen() 16463 MB/s
[    7.708115] raid6: sse2x2   xor() 11908 MB/s
[    7.776103] raid6: sse2x4   gen() 18863 MB/s
[    7.844128] raid6: sse2x4   xor() 10436 MB/s
[    7.912102] raid6: avx2x1   gen() 20759 MB/s
[    7.980079] raid6: avx2x2   gen() 35336 MB/s
[    8.048120] raid6: avx2x4   gen() 34923 MB/s
[    8.048617] raid6: using algorithm avx2x2 gen() 35336 MB/s
[    8.049299] raid6: using avx2x2 recovery algorithm
[    8.051110] xor: automatically using best checksumming function:
[    8.088423]    avx       : 21683.000 MB/sec
[    8.090410] async_tx: api initialized (async)
[    8.102373] md: raid6 personality registered for level 6
[    8.103173] md: raid5 personality registered for level 5
[    8.104017] md: raid4 personality registered for level 4
[    8.112610] md: raid10 personality registered for level 10
done.
Begin: Running /scripts/init-premount ... done.
Begin: Mounting root file system ... Begin: Running /scripts/local-top ... done.
Begin: Running /scripts/local-premount ... [    8.144087] Btrfs loaded
Scanning for Btrfs filesystems
done.
Warning: fsck not present, so skipping root file system
[    8.182162] EXT4-fs (sda1): mounted filesystem with ordered data mode. Opts: (null)
done.
Begin: Running /scripts/local-bottom ... done.
Begin: Running /scripts/init-bottom ... done.
[    8.300623] systemd[1]: systemd 229 running in system mode. (+PAM +AUDIT +SELINUX +IMA +APPARMOR +SMACK +SYSVINIT +UTMP +LIBCRYPTSETUP +GCRYPT +GNUTLS +ACL +XZ -LZ4 +SECCOMP +BLKID +ELFUTILS +KMOD -IDN)
[    8.305231] systemd[1]: Detected virtualization oracle.
[    8.306690] systemd[1]: Detected architecture x86-64.

Welcome to [1mUbuntu 16.04.7 LTS[0m!

[    8.310611] systemd[1]: Set hostname to <ubuntu-xenial>.
[    8.448903] systemd[1]: Listening on Syslog Socket.
[[0;32m  OK  [0m] Listening on Syslog Socket.
[    8.451264] systemd[1]: Reached target Encrypted Volumes.
[[0;32m  OK  [0m] Reached target Encrypted Volumes.
[    8.460513] systemd[1]: Listening on LVM2 poll daemon socket.
[[0;32m  OK  [0m] Listening on LVM2 poll daemon socket.
[    8.461751] systemd[1]: Listening on Device-mapper event daemon FIFOs.
[[0;32m  OK  [0m] Listening on Device-mapper event daemon FIFOs.
[    8.463274] systemd[1]: Created slice System Slice.
[[0;32m  OK  [0m] Created slice System Slice.
[    8.465704] systemd[1]: Listening on udev Control Socket.
[[0;32m  OK  [0m] Listening on udev Control Socket.
[    8.467853] systemd[1]: Reached target Swap.
[[0;32m  OK  [0m] Reached target Swap.
[    8.470131] systemd[1]: Created slice system-serial\x2dgetty.slice.
[[0;32m  OK  [0m] Created slice system-serial\x2dgetty.slice.
[    8.473071] systemd[1]: Listening on Journal Audit Socket.
[[0;32m  OK  [0m] Listening on Journal Audit Socket.
[    8.474645] systemd[1]: Listening on Journal Socket.
[[0;32m  OK  [0m] Listening on Journal Socket.
[    8.488277] systemd[1]: Mounting POSIX Message Queue File System...
         Mounting POSIX Message Queue File System...
[    8.493689] systemd[1]: Starting Uncomplicated firewall...
         Starting Uncomplicated firewall...
[    8.497444] systemd[1]: Starting Nameserver information manager...
         Starting Nameserver information manager...
[    8.502389] systemd[1]: Starting Create list of required static device nodes for the current kernel...
         Starting Create list of required st... nodes for the current kernel...
[    8.505286] systemd[1]: Listening on Journal Socket (/dev/log).
[[0;32m  OK  [0m] Listening on Journal Socket (/dev/log).
[    8.507065] systemd[1]: Starting Journal Service...
         Starting Journal Service...
[    8.517569] systemd[1]: Mounting Huge Pages File System...
         Mounting Huge Pages File System...
[    8.522298] systemd[1]: Mounting Debug File System...
         Mounting Debug File System...
[    8.525642] systemd[1]: Starting Remount Root and Kernel File Systems...
         Starting Remount Root and Kernel File Systems...
[    8.527578] systemd[1]: Listening on /dev/initctl Compatibility Named Pipe.
[[0;32m  OK  [0m] Listening on /dev/initctl Compatibility Named Pipe.
[    8.528777] systemd[1]: Reached target User and Group Name Lookups.
[[0;32m  OK  [0m] Reached target User and Group Name Lookups.
[    8.530396] systemd[1]: Set up automount Arbitrary Executable File Formats File System Automount Point.
[[0;32m  OK  [0m] Set up automount Arbitrary Executab...ats File System Automount Point.
[    8.533940] EXT4-fs (sda1): re-mounted. Opts: (null)
[    8.535255] systemd[1]: Starting Load Kernel Modules...
         Starting Load Kernel Modules...
[    8.541574] Loading iSCSI transport class v2.0-870.
[    8.544265] systemd[1]: Reached target System Time Synchronized.
[[0;32m  OK  [0m] Reached target System Time Synchronized.
[    8.546737] systemd[1]: Listening on udev Kernel Socket.
[[0;32m  OK  [0m] Listening on udev Kernel Socket.
[    8.548802] systemd[1]: Started Trigger resolvconf update for networkd DNS.
[[0;32m  OK  [0m] Started Trigger resolvconf update for networkd DNS.
[    8.550265] systemd[1]: Created slice User and Session Slice.
[    8.550302] iscsi: registered transport (tcp)
[[0;32m  OK  [0m] Created slice User and Session Slice.
[    8.552270] systemd[1]: Reached target Slices.
[[0;32m  OK  [0m] Reached target Slices.
[    8.553871] systemd[1]: Starting Set console keymap...
         Starting Set console keymap...
[    8.555005] systemd[1]: Listening on LVM2 metadata daemon socket.
[[0;32m  OK  [0m] Listening on LVM2 metadata daemon socket.
[    8.556844] systemd[1]: Starting Monitoring of LVM2 mirrors, snapshots etc. using dmeventd or progress polling...
         Starting Monitoring of LVM2 mirrors... dmeventd or progress polling...
[    8.559562] systemd[1]: Started Forward Password Requests to Wall Directory Watch.
[[0;32m  OK  [0m] Started Forward Password Requests to Wall Directory Watch.
[    8.563628] systemd[1]: Mounted POSIX Message Queue File System.
[[0;32m  OK  [0m] Mounted POSIX Message Queue File System.
[    8.565092] systemd[1]: Mounted Huge Pages File System.
[[0;32m  OK  [0m] Mounted Huge Pages File System.
[    8.572729] systemd[1]: Mounted Debug File System.
[[0;32m  OK  [0m] Mounted Debug File System.
[    8.574855] systemd[1]: Started Journal Service.
[[0;32m  OK  [0m] Started Journal Service.
[[0;32m  OK  [0m] Started Uncomplicated firewall.
[    8.584660] iscsi: registered transport (iser)
[[0;32m  OK  [0m] Started Create list of required sta...ce nodes for the current kernel.
[[0;32m  OK  [0m] Started Remount Root and Kernel File Systems.
[[0;32m  OK  [0m] Started Load Kernel Modules.
[[0;32m  OK  [0m] Started Set console keymap.
[[0;32m  OK  [0m] Started Nameserver information manager.
[[0;32m  OK  [0m] Started LVM2 metadata daemon.
         Mounting FUSE Control File System...
         Starting Apply Kernel Variables...
         Starting Load/Save Random Seed...
         Starting udev Coldplug all Devices...
         Starting Create Static Device Nodes in /dev...
         Starting Flush Journal to Persistent Storage...
[[0;32m  OK  [0m] Mounted FUSE Control File System.
[[0;32m  OK  [0m] Started Apply Kernel Variables.
[[0;32m  OK  [0m] Started Load/Save Random Seed.
[[0;32m  OK  [0m] Started Flush Journal to Persistent Storage.
[[0;32m  OK  [0m] Started Create Static Device Nodes in /dev.
         Starting udev Kernel Device Manager...
[[0;32m  OK  [0m] Started udev Coldplug all Devices.
[[0;32m  OK  [0m] Started udev Kernel Device Manager.
[[0;32m  OK  [0m] Started Dispatch Password Requests to Console Directory Watch.
[[0;32m  OK  [0m] Found device /dev/ttyS0.
[[0;32m  OK  [0m] Listening on Load/Save RF Kill Switch Status /dev/rfkill Watch.
[[0;32m  OK  [0m] Found device 82540EM Gigabit Ethern...r (PRO/1000 MT Desktop Adapter).
[[0;32m  OK  [0m] Found device 82540EM Gigabit Ethern...r (PRO/1000 MT Desktop Adapter).
[[0;32m  OK  [0m] Started Monitoring of LVM2 mirrors,...ng dmeventd or progress polling.
[[0;32m  OK  [0m] Reached target Local File Systems (Pre).
[[0;32m  OK  [0m] Reached target Local File Systems.
         Starting Set console font and keymap...
         Starting Tell Plymouth To Write Out Runtime Data...
         Starting LSB: AppArmor initialization...
         Starting Create Volatile Files and Directories...
         Starting Initial cloud-init job (pre-networking)...
[[0;32m  OK  [0m] Started Tell Plymouth To Write Out Runtime Data.
[[0;32m  OK  [0m] Started Create Volatile Files and Directories.
         Starting Update UTMP about System Boot/Shutdown...
[[0;32m  OK  [0m] Started Update UTMP about System Boot/Shutdown.
[[0;32m  OK  [0m] Started Set console font and keymap.
[[0;32m  OK  [0m] Created slice system-getty.slice.
[[0;32m  OK  [0m] Started LSB: AppArmor initialization.
         Starting Load AppArmor profiles managed internally by snapd...
[[0;32m  OK  [0m] Started Load AppArmor profiles managed internally by snapd.
[    9.787715] cloud-init[677]: Traceback (most recent call last):
[    9.788431] cloud-init[677]:   File "/usr/bin/cloud-init", line 9, in <module>
[    9.789035] cloud-init[677]:     load_entry_point('cloud-init==20.3', 'console_scripts', 'cloud-init')()
[    9.789818] cloud-init[677]:   File "/usr/lib/python3/dist-packages/pkg_resources/__init__.py", line 542, in load_entry_point
[    9.790757] cloud-init[677]:     return get_distribution(dist).load_entry_point(group, name)
[    9.791672] cloud-init[677]:   File "/usr/lib/python3/dist-packages/pkg_resources/__init__.py", line 2569, in load_entry_point
[    9.792647] cloud-init[677]:     return ep.load()
[    9.793480] cloud-init[677]:   File "/usr/lib/python3/dist-packages/pkg_resources/__init__.py", line 2229, in load
[    9.794374] cloud-init[677]:     return self.resolve()
[    9.795155] cloud-init[677]:   File "/usr/lib/python3/dist-packages/pkg_resources/__init__.py", line 2235, in resolve
[    9.795956] cloud-init[677]:     module = __import__(self.module_name, fromlist=['__name__'], level=0)
[    9.796839] cloud-init[677]:   File "/usr/lib/python3/dist-packages/cloudinit/cmd/main.py", line 29, in <module>
[    9.797615] cloud-init[677]:     from cloudinit import stages
[    9.798232] cloud-init[677]:   File "/usr/lib/python3/dist-packages/cloudinit/stages.py", line 19, in <module>
[    9.798932] cloud-init[677]:     from cloudinit.handlers.cloud_config import CloudConfigPartHandler
[    9.799556] cloud-init[677]:   File "/usr/lib/python3/dist-packages/cloudinit/handlers/cloud_config.py", line 11, in <module>
[    9.800068] cloud-init[677]:     import jsonpatch
[    9.800420] cloud-init[677]:   File "/usr/lib/python3/dist-packages/jsonpatch.py", line 114, in <module>
[    9.801067] cloud-init[677]:     json.load = get_loadjson()
[    9.801557] cloud-init[677]:   File "/usr/lib/python3/dist-packages/jsonpatch.py", line 108, in get_loadjson
[    9.802031] cloud-init[677]:     argspec = inspect.getargspec(json.load)
[    9.802414] cloud-init[677]:   File "/usr/lib/python3.6/inspect.py", line 1082, in getargspec
[    9.802846] cloud-init[677]:     raise ValueError("Function has keyword-only parameters or annotations"
[    9.803289] cloud-init[677]: ValueError: Function has keyword-only parameters or annotations, use getfullargspec() API which can support them
[[0;1;31mFAILED[0m] Failed to start Initial cloud-init job (pre-networking).
See 'systemctl status cloud-init-local.service' for details.
[[0;32m  OK  [0m] Reached target Network (Pre).
         Starting Raise network interfaces...
[[0;32m  OK  [0m] Started ifup for enp0s3.
[[0;32m  OK  [0m] Started ifup for enp0s8.
[[0;32m  OK  [0m] Started Raise network interfaces.
[[0;32m  OK  [0m] Reached target Network.
         Starting Initial cloud-init job (metadata service crawler)...
[   10.413411] cloud-init[1092]: Traceback (most recent call last):
[   10.414272] cloud-init[1092]:   File "/usr/bin/cloud-init", line 9, in <module>
[   10.414980] cloud-init[1092]:     load_entry_point('cloud-init==20.3', 'console_scripts', 'cloud-init')()
[   10.415688] cloud-init[1092]:   File "/usr/lib/python3/dist-packages/pkg_resources/__init__.py", line 542, in load_entry_point
[   10.416491] cloud-init[1092]:     return get_distribution(dist).load_entry_point(group, name)
[   10.417264] cloud-init[1092]:   File "/usr/lib/python3/dist-packages/pkg_resources/__init__.py", line 2569, in load_entry_point
[   10.418026] cloud-init[1092]:     return ep.load()
[   10.418552] cloud-init[1092]:   File "/usr/lib/python3/dist-packages/pkg_resources/__init__.py", line 2229, in load
[   10.419289] cloud-init[1092]:     return self.resolve()
[   10.419857] cloud-init[1092]:   File "/usr/lib/python3/dist-packages/pkg_resources/__init__.py", line 2235, in resolve
[   10.420662] cloud-init[1092]:     module = __import__(self.module_name, fromlist=['__name__'], level=0)
[   10.421406] cloud-init[1092]:   File "/usr/lib/python3/dist-packages/cloudinit/cmd/main.py", line 29, in <module>
[   10.421960] cloud-init[1092]:     from cloudinit import stages
[   10.422309] cloud-init[1092]:   File "/usr/lib/python3/dist-packages/cloudinit/stages.py", line 19, in <module>
[   10.428383] cloud-init[1092]:     from cloudinit.handlers.cloud_config import CloudConfigPartHandler
[   10.428879] cloud-init[1092]:   File "/usr/lib/python3/dist-packages/cloudinit/handlers/cloud_config.py", line 11, in <module>
[   10.436646] cloud-init[1092]:     import jsonpatch
[   10.437590] cloud-init[1092]:   File "/usr/lib/python3/dist-packages/jsonpatch.py", line 114, in <module>
[   10.438404] cloud-init[1092]:     json.load = get_loadjson()
[   10.439417] cloud-init[1092]:   File "/usr/lib/python3/dist-packages/jsonpatch.py", line 108, in get_loadjson
[   10.440459] cloud-init[1092]:     argspec = inspect.getargspec(json.load)
[   10.441410] cloud-init[1092]:   File "/usr/lib/python3.6/inspect.py", line 1082, in getargspec
[   10.442243] cloud-init[1092]:     raise ValueError("Function has keyword-only parameters or annotations"
[   10.443040] cloud-init[1092]: ValueError: Function has keyword-only parameters or annotations, use getfullargspec() API which can support them
[[0;1;31mFAILED[0m] Failed to start Initial cloud-init job (metadata service crawler).
See 'systemctl status cloud-init.service' for details.
[[0;32m  OK  [0m] Reached target Network is Online.
         Starting iSCSI initiator daemon (iscsid)...
[[0;32m  OK  [0m] Reached target System Initialization.
[[0;32m  OK  [0m] Started ACPI Events Check.
[[0;32m  OK  [0m] Reached target Paths.
[[0;32m  OK  [0m] Started Message of the Day.
         Starting Socket activation for snappy daemon.
[[0;32m  OK  [0m] Listening on ACPID Listen Socket.
[[0;32m  OK  [0m] Started Daily Cleanup of Temporary Directories.
[[0;32m  OK  [0m] Started Daily apt download activities.
[[0;32m  OK  [0m] Listening on D-Bus System Message Bus Socket.
[[0;32m  OK  [0m] Started Daily apt upgrade and clean activities.
[[0;32m  OK  [0m] Reached target Timers.
         Starting LXD - unix socket.
[[0;32m  OK  [0m] Listening on UUID daemon activation socket.
[[0;32m  OK  [0m] Reached target Cloud-config availability.
[[0;32m  OK  [0m] Listening on Socket activation for snappy daemon.
[[0;32m  OK  [0m] Listening on LXD - unix socket.
[[0;32m  OK  [0m] Started iSCSI initiator daemon (iscsid).
         Starting Login to default iSCSI targets...
[[0;32m  OK  [0m] Reached target Sockets.
[[0;32m  OK  [0m] Reached target Basic System.
[[0;32m  OK  [0m] Started FUSE filesystem for LXC.
[[0;32m  OK  [0m] Started ACPI event daemon.
         Starting System Logging Service...
[[0;32m  OK  [0m] Started D-Bus System Message Bus.
         Starting LXD - container startup/shutdown...
         Starting LSB: MD monitoring daemon...
         Starting Login Service...
         Starting Accounts Service...
[[0;32m  OK  [0m] Started Deferred execution scheduler.
[[0;32m  OK  [0m] Started Regular background program processing daemon.
         Starting LSB: Record successful boot for GRUB...
         Starting OpenBSD Secure Shell server...
         Starting /etc/rc.local Compatibility...
         Starting Message of the Day...
         Starting Virtualbox guest utils...
         Starting Snap Daemon...
[[0;32m  OK  [0m] Started System Logging Service.
[[0;32m  OK  [0m] Started /etc/rc.local Compatibility.
[[0;32m  OK  [0m] Started Message of the Day.
[[0;32m  OK  [0m] Started Login Service.
[[0;32m  OK  [0m] Started Unattended Upgrades Shutdown.
[[0;32m  OK  [0m] Started Login to default iSCSI targets.
[[0;32m  OK  [0m] Reached target Remote File Systems (Pre).
[[0;32m  OK  [0m] Reached target Remote File Systems.
         Starting Permit User Sessions...
         Starting LSB: daemon to balance interrupts for SMP systems...
         Starting LSB: automatic crash report generation...
         Starting LSB: Set the CPU Frequency Scaling governor to "ondemand"...
[[0;32m  OK  [0m] Started LSB: MD monitoring daemon.
[[0;32m  OK  [0m] Started Permit User Sessions.
[[0;32m  OK  [0m] Started LSB: Record successful boot for GRUB.
[[0;32m  OK  [0m] Started OpenBSD Secure Shell server.
         Starting Authenticate and Authorize Users to Run Privileged Tasks...
         Starting Hold until boot process finishes up...
         Starting Terminate Plymouth Boot Screen...
[[0;32m  OK  [0m] Started Hold until boot process finishes up.
[[0;32m  OK  [0m] Started Getty on tty1.
[[0;32m  OK  [0m] Started Serial Getty on ttyS0.
[[0;32m  OK  [0m] Reached target Login Prompts.
         Starting Set console scheme...
[[0;32m  OK  [0m] Started Set console scheme.
[[0;32m  OK  [0m] Started Terminate Plymouth Boot Screen.
[[0;32m  OK  [0m] Started LSB: Set the CPU Frequency Scaling governor to "ondemand".
[[0;32m  OK  [0m] Started LSB: automatic crash report generation.
[[0;32m  OK  [0m] Started LSB: daemon to balance interrupts for SMP systems.
[[0;32m  OK  [0m] Started Authenticate and Authorize Users to Run Privileged Tasks.
[[0;32m  OK  [0m] Started Accounts Service.
[[0;32m  OK  [0m] Started Virtualbox guest utils.
[[0;32m  OK  [0m] Started LXD - container startup/shutdown.
[[0;32m  OK  [0m] Started Snap Daemon.
         Starting Wait until snapd is fully seeded...
[[0;32m  OK  [0m] Started Wait until snapd is fully seeded.
         Starting Apply the settings specified in cloud-config...
[[0;32m  OK  [0m] Reached target Multi-User System.
[[0;32m  OK  [0m] Reached target Graphical Interface.
         Starting Update UTMP about System Runlevel Changes...
[[0;32m  OK  [0m] Started Update UTMP about System Runlevel Changes.
[   11.111567] cloud-init[1320]: Traceback (most recent call last):
[   11.112747] cloud-init[1320]:   File "/usr/bin/cloud-init", line 9, in <module>
[   11.113512] cloud-init[1320]:     load_entry_point('cloud-init==20.3', 'console_scripts', 'cloud-init')()
[   11.114366] cloud-init[1320]:   File "/usr/lib/python3/dist-packages/pkg_resources/__init__.py", line 542, in load_entry_point
[   11.115259] cloud-init[1320]:     return get_distribution(dist).load_entry_point(group, name)
[   11.116139] cloud-init[1320]:   File "/usr/lib/python3/dist-packages/pkg_resources/__init__.py", line 2569, in load_entry_point
[   11.124915] cloud-init[1320]:     return ep.load()
[   11.125608] cloud-init[1320]:   File "/usr/lib/python3/dist-packages/pkg_resources/__init__.py", line 2229, in load
[   11.126377] cloud-init[1320]:     return self.resolve()
[   11.127002] cloud-init[1320]:   File "/usr/lib/python3/dist-packages/pkg_resources/__init__.py", line 2235, in resolve
[   11.127831] cloud-init[1320]:     module = __import__(self.module_name, fromlist=['__name__'], level=0)
[   11.128698] cloud-init[1320]:   File "/usr/lib/python3/dist-packages/cloudinit/cmd/main.py", line 29, in <module>
[   11.129560] cloud-init[1320]:     from cloudinit import stages
[   11.130344] cloud-init[1320]:   File "/usr/lib/python3/dist-packages/cloudinit/stages.py", line 19, in <module>
[   11.131191] cloud-init[1320]:     from cloudinit.handlers.cloud_config import CloudConfigPartHandler
[   11.132157] cloud-init[1320]:   File "/usr/lib/python3/dist-packages/cloudinit/handlers/cloud_config.py", line 11, in <module>
[   11.133442] cloud-init[1320]:     import jsonpatch
[   11.133855] cloud-init[1320]:   File "/usr/lib/python3/dist-packages/jsonpatch.py", line 114, in <module>
[   11.134342] cloud-init[1320]:     json.load = get_loadjson()
[   11.134725] cloud-init[1320]:   File "/usr/lib/python3/dist-packages/jsonpatch.py", line 108, in get_loadjson
[   11.140867] cloud-init[1320]:     argspec = inspect.getargspec(json.load)
[   11.141569] cloud-init[1320]:   File "/usr/lib/python3.6/inspect.py", line 1082, in getargspec
[   11.142225] cloud-init[1320]:     raise ValueError("Function has keyword-only parameters or annotations"
[   11.142988] cloud-init[1320]: ValueError: Function has keyword-only parameters or annotations, use getfullargspec() API which can support them
[[0;1;31mFAILED[0m] Failed to start Apply the settings specified in cloud-config.
See 'systemctl status cloud-config.service' for details.
         Starting Execute cloud user/final scripts...
[   11.348590] cloud-init[1328]: Traceback (most recent call last):
[   11.350948] cloud-init[1328]:   File "/usr/bin/cloud-init", line 9, in <module>
[   11.353067] cloud-init[1328]:     load_entry_point('cloud-init==20.3', 'console_scripts', 'cloud-init')()
[   11.355456] cloud-init[1328]:   File "/usr/lib/python3/dist-packages/pkg_resources/__init__.py", line 542, in load_entry_point
[   11.357833] cloud-init[1328]:     return get_distribution(dist).load_entry_point(group, name)
[   11.364186] cloud-init[1328]:   File "/usr/lib/python3/dist-packages/pkg_resources/__init__.py", line 2569, in load_entry_point
[   11.373883] cloud-init[1328]:     return ep.load()
[   11.376750] [[0;1;31mFAILED[0m] Failed to start Execute cloud user/final scripts.
See 'systemctl status cloud-final.service' for details.
cloud-init[1328]:   File "/usr/lib/python3/dist-packages/pkg_resources/__init__.py", line 2229, in load
[   11.380325] cloud-init[1328]:     return self.resolve()
[   11.381428] cloud-init[1328]:   File "/usr/lib/python3/dist-packages/pkg_resources/__init__.py", line 2235, in resolve
[   11.382911] cloud-init[1328]:     module = __import__(self.module_name, fromlist=['__name__'], level=0)
[   11.384206] cloud-init[1328]:   File "/usr/lib/python3/dist-packages/cloudinit/cmd/main.py", line 29, in <module>
[   11.385613] cloud-init[1328]:     from cloudinit import stages
[   11.385998] cloud-init[1328]:   File "/usr/lib/python3/dist-packages/cloudinit/stages.py", line 19, in <module>
[   11.386465] cloud-init[1328]:     from cloudinit.handlers.cloud_config import CloudConfigPartHandler
[   11.386917] cloud-init[1328]:   File "/usr/lib/python3/dist-packages/cloudinit/handlers/cloud_config.py", line 11, in <module>
[   11.387435] cloud-init[1328]:     import jsonpatch
[   11.387786] cloud-init[1328]:   File "/usr/lib/python3/dist-packages/jsonpatch.py", line 114, in <module>
[   11.388292] cloud-init[1328]:     json.load = get_loadjson()
[   11.388603] cloud-init[1328]:   File "/usr/lib/python3/dist-packages/jsonpatch.py", line 108, in get_loadjson
         [   11.399812] cloud-init[1328]:     argspec = inspect.getargspec(json.load)
[   11.399997] cloud-init[1328]:   File "/usr/lib/python3.6/inspect.py", line 1082, in getargspec
[   11.400267] cloud-init[1328]:     raise ValueError("Function has keyword-only parameters or annotations"
[   11.400362] cloud-init[1328]: ValueError: Function has keyword-only parameters or annotations, use getfullargspec() API which can support them
Starting Daily apt download activities...
[[0;32m  OK  [0m] Reached target Cloud-init target.
[[0;32m  OK  [0m] Created slice User Slice of vagrant.
         Starting User Manager for UID 1000...
[[0;32m  OK  [0m] Started Session 1 of user vagrant.
[[0;32m  OK  [0m] Started User Manager for UID 1000.
[[0;32m  OK  [0m] Started Daily apt download activities.
         Starting Daily apt upgrade and clean activities...
[[0;32m  OK  [0m] Started Daily apt upgrade and clean activities.

Ubuntu 16.04.7 LTS ubuntu-xenial ttyS0

ubuntu-xenial login: 